TN:
SF:src/controllers/authController.js
FN:9,login
FN:37,logout
FN:53,forgotPassword
FN:69,resetPassword
FN:85,changePassword
FNF:5
FNH:0
FNDA:0,login
FNDA:0,logout
FNDA:0,forgotPassword
FNDA:0,resetPassword
FNDA:0,changePassword
DA:1,0
DA:2,0
DA:3,0
DA:4,0
DA:10,0
DA:11,0
DA:15,0
DA:17,0
DA:20,0
DA:21,0
DA:22,0
DA:25,0
DA:26,0
DA:29,0
DA:30,0
DA:38,0
DA:39,0
DA:42,0
DA:44,0
DA:46,0
DA:54,0
DA:55,0
DA:58,0
DA:60,0
DA:62,0
DA:70,0
DA:71,0
DA:74,0
DA:76,0
DA:78,0
DA:86,0
DA:87,0
DA:88,0
DA:90,0
DA:91,0
DA:92,0
DA:94,0
DA:95,0
DA:97,0
DA:98,0
DA:100,0
DA:101,0
DA:104,0
DA:106,0
DA:109,0
DA:110,0
DA:114,0
LF:47
LH:0
BRDA:20,0,0,0
BRDA:20,0,1,0
BRDA:20,1,0,0
BRDA:20,1,1,0
BRDA:25,2,0,0
BRDA:25,2,1,0
BRDA:25,3,0,0
BRDA:25,3,1,0
BRDA:25,3,2,0
BRDA:92,4,0,0
BRDA:92,4,1,0
BRDA:95,5,0,0
BRDA:95,5,1,0
BRDA:98,6,0,0
BRDA:98,6,1,0
BRF:15
BRH:0
end_of_record
TN:
SF:src/controllers/calendrierController.js
FN:10,getCalendrier
FNF:1
FNH:0
FNDA:0,getCalendrier
DA:1,0
DA:11,0
DA:12,0
DA:13,0
DA:16,0
DA:17,0
DA:18,0
DA:21,0
DA:25,0
DA:28,0
DA:31,0
DA:32,0
DA:33,0
DA:36,0
DA:37,0
DA:38,0
DA:41,0
DA:43,0
DA:44,0
DA:46,0
DA:47,0
DA:51,0
LF:22
LH:0
BRDA:16,0,0,0
BRDA:16,0,1,0
BRDA:17,1,0,0
BRDA:17,1,1,0
BRDA:31,2,0,0
BRDA:31,2,1,0
BRDA:36,3,0,0
BRDA:36,3,1,0
BRF:8
BRH:0
end_of_record
TN:
SF:src/controllers/congeController.js
FN:4,create
FN:19,list
FN:24,get
FN:29,update
FN:34,remove
FN:49,validate
FN:72,reject
FNF:7
FNH:0
FNDA:0,create
FNDA:0,list
FNDA:0,get
FNDA:0,update
FNDA:0,remove
FNDA:0,validate
FNDA:0,reject
DA:1,0
DA:2,0
DA:5,0
DA:6,0
DA:9,0
DA:14,0
DA:16,0
DA:20,0
DA:21,0
DA:25,0
DA:26,0
DA:30,0
DA:31,0
DA:35,0
DA:36,0
DA:39,0
DA:44,0
DA:46,0
DA:50,0
DA:51,0
DA:54,0
DA:61,0
DA:67,0
DA:69,0
DA:73,0
DA:74,0
DA:77,0
DA:84,0
DA:90,0
DA:92,0
DA:95,0
LF:31
LH:0
BRF:0
BRH:0
end_of_record
TN:
SF:src/controllers/entreprisesController.js
FN:8,createEntreprise
FN:40,getAllEntreprises
FN:53,getEntrepriseById
FN:67,updateEntreprise
FN:89,deleteEntreprise
FN:109,patchStatutEntreprise
FN:134,getPolitiqueConges
FN:146,updatePolitiqueConges
FNF:8
FNH:0
FNDA:0,createEntreprise
FNDA:0,getAllEntreprises
FNDA:0,getEntrepriseById
FNDA:0,updateEntreprise
FNDA:0,deleteEntreprise
FNDA:0,patchStatutEntreprise
FNDA:0,getPolitiqueConges
FNDA:0,updatePolitiqueConges
DA:1,0
DA:2,0
DA:3,0
DA:10,0
DA:12,0
DA:14,0
DA:16,0
DA:27,0
DA:29,0
DA:32,0
DA:33,0
DA:41,0
DA:42,0
DA:43,0
DA:45,0
DA:46,0
DA:54,0
DA:55,0
DA:56,0
DA:57,0
DA:59,0
DA:60,0
DA:68,0
DA:69,0
DA:70,0
DA:72,0
DA:74,0
DA:77,0
DA:79,0
DA:81,0
DA:82,0
DA:90,0
DA:91,0
DA:92,0
DA:94,0
DA:97,0
DA:99,0
DA:101,0
DA:102,0
DA:110,0
DA:111,0
DA:112,0
DA:114,0
DA:115,0
DA:116,0
DA:118,0
DA:119,0
DA:122,0
DA:124,0
DA:126,0
DA:127,0
DA:135,0
DA:136,0
DA:137,0
DA:139,0
DA:141,0
DA:142,0
DA:147,0
DA:148,0
DA:149,0
DA:151,0
DA:152,0
DA:154,0
DA:155,0
DA:156,0
DA:159,0
DA:161,0
DA:163,0
DA:164,0
DA:168,0
LF:70
LH:0
BRDA:12,0,0,0
BRDA:12,0,1,0
BRDA:56,1,0,0
BRDA:56,1,1,0
BRDA:70,2,0,0
BRDA:70,2,1,0
BRDA:92,3,0,0
BRDA:92,3,1,0
BRDA:112,4,0,0
BRDA:112,4,1,0
BRDA:116,5,0,0
BRDA:116,5,1,0
BRDA:137,6,0,0
BRDA:137,6,1,0
BRDA:149,7,0,0
BRDA:149,7,1,0
BRDA:152,8,0,0
BRDA:152,8,1,0
BRF:18
BRH:0
end_of_record
TN:
SF:src/controllers/exportController.js
FN:5,(anonymous_0)
FN:24,(anonymous_1)
FN:43,(anonymous_2)
FN:61,(anonymous_3)
FN:80,(anonymous_4)
FNF:5
FNH:0
FNDA:0,(anonymous_0)
FNDA:0,(anonymous_1)
FNDA:0,(anonymous_2)
FNDA:0,(anonymous_3)
FNDA:0,(anonymous_4)
DA:1,0
DA:6,0
DA:7,0
DA:8,0
DA:10,0
DA:12,0
DA:14,0
DA:15,0
DA:16,0
DA:18,0
DA:19,0
DA:25,0
DA:26,0
DA:27,0
DA:29,0
DA:31,0
DA:33,0
DA:34,0
DA:35,0
DA:37,0
DA:38,0
DA:44,0
DA:45,0
DA:47,0
DA:49,0
DA:51,0
DA:52,0
DA:53,0
DA:55,0
DA:56,0
DA:62,0
DA:63,0
DA:64,0
DA:66,0
DA:68,0
DA:70,0
DA:71,0
DA:72,0
DA:74,0
DA:75,0
DA:81,0
DA:82,0
DA:84,0
DA:86,0
DA:88,0
DA:89,0
DA:90,0
DA:92,0
DA:93,0
DA:98,0
LF:50
LH:0
BRF:0
BRH:0
end_of_record
TN:
SF:src/controllers/joursFeriesController.js
FN:8,listerJoursFeries
FN:23,creerJourFerie
FN:50,getJourFerie
FN:65,updateJourFerie
FN:96,supprimerJourFerie
FNF:5
FNH:0
FNDA:0,listerJoursFeries
FNDA:0,creerJourFerie
FNDA:0,getJourFerie
FNDA:0,updateJourFerie
FNDA:0,supprimerJourFerie
DA:2,0
DA:3,0
DA:9,0
DA:10,0
DA:14,0
DA:16,0
DA:24,0
DA:25,0
DA:26,0
DA:28,0
DA:34,0
DA:36,0
DA:37,0
DA:39,0
DA:40,0
DA:41,0
DA:43,0
DA:51,0
DA:52,0
DA:55,0
DA:56,0
DA:58,0
DA:66,0
DA:67,0
DA:68,0
DA:70,0
DA:74,0
DA:76,0
DA:78,0
DA:80,0
DA:82,0
DA:83,0
DA:85,0
DA:86,0
DA:87,0
DA:89,0
DA:97,0
DA:98,0
DA:99,0
DA:103,0
DA:105,0
DA:107,0
DA:109,0
DA:110,0
DA:112,0
DA:113,0
DA:117,0
LF:47
LH:0
BRDA:40,0,0,0
BRDA:40,0,1,0
BRDA:55,1,0,0
BRDA:55,1,1,0
BRDA:74,2,0,0
BRDA:74,2,1,0
BRDA:86,3,0,0
BRDA:86,3,1,0
BRDA:103,4,0,0
BRDA:103,4,1,0
BRF:10
BRH:0
end_of_record
TN:
SF:src/controllers/notificationController.js
FN:7,getNotifications
FN:29,marquerCommeLue
FN:55,toutMarquerCommeLue
FNF:3
FNH:0
FNDA:0,getNotifications
FNDA:0,marquerCommeLue
FNDA:0,toutMarquerCommeLue
DA:2,0
DA:8,0
DA:9,0
DA:11,0
DA:12,0
DA:15,0
DA:20,0
DA:22,0
DA:30,0
DA:31,0
DA:38,0
DA:39,0
DA:42,0
DA:43,0
DA:45,0
DA:48,0
DA:56,0
DA:57,0
DA:67,0
DA:70,0
DA:74,0
LF:21
LH:0
BRDA:11,0,0,0
BRDA:11,0,1,0
BRDA:38,1,0,0
BRDA:38,1,1,0
BRF:4
BRH:0
end_of_record
TN:
SF:src/controllers/quotasController.js
FN:5,initQuota
FN:15,getSolde
FN:27,getSoldes
FN:39,getUsageReport
FNF:4
FNH:0
FNDA:0,initQuota
FNDA:0,getSolde
FNDA:0,getSoldes
FNDA:0,getUsageReport
DA:2,0
DA:3,0
DA:6,0
DA:7,0
DA:8,0
DA:10,0
DA:11,0
DA:16,0
DA:17,0
DA:18,0
DA:19,0
DA:20,0
DA:22,0
DA:23,0
DA:28,0
DA:29,0
DA:30,0
DA:31,0
DA:32,0
DA:34,0
DA:35,0
DA:40,0
DA:41,0
DA:42,0
DA:43,0
DA:45,0
DA:46,0
DA:50,0
LF:28
LH:0
BRDA:30,0,0,0
BRDA:30,0,1,0
BRF:2
BRH:0
end_of_record
TN:
SF:src/controllers/usersController.js
FN:10,createUser
FN:65,getAllUsers
FN:83,getUserById
FN:104,updateUser
FN:147,changeUserRole
FN:180,deleteUser
FNF:6
FNH:0
FNDA:0,createUser
FNDA:0,getAllUsers
FNDA:0,getUserById
FNDA:0,updateUser
FNDA:0,changeUserRole
FNDA:0,deleteUser
DA:1,0
DA:2,0
DA:3,0
DA:4,0
DA:5,0
DA:11,0
DA:12,0
DA:15,0
DA:16,0
DA:18,0
DA:19,0
DA:22,0
DA:23,0
DA:24,0
DA:26,0
DA:37,0
DA:44,0
DA:46,0
DA:57,0
DA:58,0
DA:66,0
DA:67,0
DA:68,0
DA:69,0
DA:72,0
DA:73,0
DA:75,0
DA:76,0
DA:84,0
DA:85,0
DA:86,0
DA:88,0
DA:91,0
DA:94,0
DA:96,0
DA:97,0
DA:105,0
DA:106,0
DA:107,0
DA:109,0
DA:110,0
DA:113,0
DA:115,0
DA:116,0
DA:119,0
DA:121,0
DA:122,0
DA:124,0
DA:127,0
DA:130,0
DA:133,0
DA:134,0
DA:137,0
DA:139,0
DA:140,0
DA:148,0
DA:149,0
DA:150,0
DA:152,0
DA:153,0
DA:156,0
DA:158,0
DA:159,0
DA:162,0
DA:163,0
DA:166,0
DA:167,0
DA:170,0
DA:172,0
DA:173,0
DA:181,0
DA:182,0
DA:183,0
DA:185,0
DA:186,0
DA:189,0
DA:192,0
DA:194,0
DA:196,0
DA:197,0
DA:201,0
LF:81
LH:0
BRDA:15,0,0,0
BRDA:15,0,1,0
BRDA:15,1,0,0
BRDA:15,1,1,0
BRDA:18,2,0,0
BRDA:18,2,1,0
BRDA:18,3,0,0
BRDA:18,3,1,0
BRDA:68,4,0,0
BRDA:68,4,1,0
BRDA:86,5,0,0
BRDA:86,5,1,0
BRDA:88,6,0,0
BRDA:88,6,1,0
BRDA:88,7,0,0
BRDA:88,7,1,0
BRDA:88,7,2,0
BRDA:107,8,0,0
BRDA:107,8,1,0
BRDA:109,9,0,0
BRDA:109,9,1,0
BRDA:109,10,0,0
BRDA:109,10,1,0
BRDA:115,11,0,0
BRDA:115,11,1,0
BRDA:115,12,0,0
BRDA:115,12,1,0
BRDA:115,12,2,0
BRDA:121,13,0,0
BRDA:121,13,1,0
BRDA:133,14,0,0
BRDA:133,14,1,0
BRDA:133,15,0,0
BRDA:133,15,1,0
BRDA:150,16,0,0
BRDA:150,16,1,0
BRDA:152,17,0,0
BRDA:152,17,1,0
BRDA:152,18,0,0
BRDA:152,18,1,0
BRDA:158,19,0,0
BRDA:158,19,1,0
BRDA:158,20,0,0
BRDA:158,20,1,0
BRDA:158,20,2,0
BRDA:166,21,0,0
BRDA:166,21,1,0
BRDA:183,22,0,0
BRDA:183,22,1,0
BRDA:185,23,0,0
BRDA:185,23,1,0
BRDA:185,24,0,0
BRDA:185,24,1,0
BRF:53
BRH:0
end_of_record
TN:
SF:src/cron/quotasCron.js
FN:5,(anonymous_0)
FN:11,(anonymous_1)
FNF:2
FNH:0
FNDA:0,(anonymous_0)
FNDA:0,(anonymous_1)
DA:1,0
DA:2,0
DA:5,0
DA:7,0
DA:11,0
DA:12,0
LF:6
LH:0
BRF:0
BRH:0
end_of_record
TN:
SF:src/middlewares/authJwt.js
FN:5,(anonymous_0)
FNF:1
FNH:0
FNDA:0,(anonymous_0)
DA:1,0
DA:2,0
DA:3,0
DA:5,0
DA:6,0
DA:7,0
DA:8,0
DA:11,0
DA:13,0
DA:14,0
DA:17,0
DA:18,0
DA:21,0
DA:22,0
DA:28,0
DA:29,0
DA:37,0
DA:39,0
DA:40,0
DA:43,0
DA:44,0
DA:51,0
DA:52,0
DA:60,0
DA:67,0
DA:69,0
LF:26
LH:0
BRDA:7,0,0,0
BRDA:7,0,1,0
BRDA:7,1,0,0
BRDA:7,1,1,0
BRDA:18,2,0,0
BRDA:18,2,1,0
BRDA:21,3,0,0
BRDA:21,3,1,0
BRDA:28,4,0,0
BRDA:28,4,1,0
BRDA:39,5,0,0
BRDA:39,5,1,0
BRDA:43,6,0,0
BRDA:43,6,1,0
BRDA:51,7,0,0
BRDA:51,7,1,0
BRF:16
BRH:0
end_of_record
TN:
SF:src/middlewares/authorizeRole.js
FN:1,(anonymous_0)
FN:2,(anonymous_1)
FN:13,(anonymous_2)
FNF:3
FNH:0
FNDA:0,(anonymous_0)
FNDA:0,(anonymous_1)
FNDA:0,(anonymous_2)
DA:1,0
DA:2,0
DA:3,0
DA:4,0
DA:7,0
DA:10,0
DA:11,0
DA:13,0
DA:14,0
DA:17,0
DA:18,0
DA:19,0
DA:20,0
DA:24,0
LF:14
LH:0
BRDA:1,0,0,0
BRDA:1,1,0,0
BRDA:4,2,0,0
BRDA:4,2,1,0
BRDA:7,3,0,0
BRDA:7,3,1,0
BRDA:14,4,0,0
BRDA:14,4,1,0
BRDA:17,5,0,0
BRDA:17,5,1,0
BRDA:19,6,0,0
BRDA:19,6,1,0
BRDA:19,7,0,0
BRDA:19,7,1,0
BRF:14
BRH:0
end_of_record
TN:
SF:src/middlewares/errorHandler.js
FN:1,errorHandler
FNF:1
FNH:0
FNDA:0,errorHandler
DA:2,0
DA:3,0
DA:4,0
DA:6,0
DA:8,0
DA:9,0
DA:10,0
DA:11,0
DA:13,0
DA:16,0
LF:10
LH:0
BRDA:3,0,0,0
BRDA:3,0,1,0
BRDA:6,1,0,0
BRDA:6,1,1,0
BRDA:8,2,0,0
BRDA:8,2,1,0
BRDA:9,3,0,0
BRDA:9,3,1,0
BRDA:10,4,0,0
BRDA:10,4,1,0
BRDA:11,5,0,0
BRDA:11,5,1,0
BRF:12
BRH:0
end_of_record
TN:
SF:src/middlewares/metrics.js
FN:9,(anonymous_0)
FN:19,(anonymous_1)
FN:37,(anonymous_2)
FN:39,(anonymous_3)
FNF:4
FNH:0
FNDA:0,(anonymous_0)
FNDA:0,(anonymous_1)
FNDA:0,(anonymous_2)
FNDA:0,(anonymous_3)
DA:2,0
DA:9,0
DA:10,0
DA:11,0
DA:14,0
DA:15,0
DA:16,0
DA:19,0
DA:20,0
DA:21,0
DA:24,0
DA:25,0
DA:28,0
DA:29,0
DA:33,0
DA:37,0
DA:38,0
DA:39,0
DA:42,0
DA:51,0
LF:20
LH:0
BRDA:14,0,0,0
BRDA:14,0,1,0
BRDA:15,1,0,0
BRDA:15,1,1,0
BRDA:24,2,0,0
BRDA:24,2,1,0
BRDA:28,3,0,0
BRDA:28,3,1,0
BRDA:38,4,0,0
BRDA:38,4,1,0
BRDA:46,5,0,0
BRDA:46,5,1,0
BRF:12
BRH:0
end_of_record
TN:
SF:src/middlewares/rateLimiter.js
FN:9,(anonymous_0)
FNF:1
FNH:0
FNDA:0,(anonymous_0)
DA:1,0
DA:4,0
DA:9,0
DA:14,0
DA:22,0
LF:5
LH:0
BRDA:6,0,0,0
BRDA:6,0,1,0
BRF:2
BRH:0
end_of_record
TN:
SF:src/middlewares/usageLimiter.js
FN:4,(anonymous_0)
FN:5,(anonymous_1)
FNF:2
FNH:0
FNDA:0,(anonymous_0)
FNDA:0,(anonymous_1)
DA:1,0
DA:4,0
DA:5,0
DA:6,0
DA:7,0
DA:9,0
DA:10,0
DA:15,0
DA:17,0
DA:18,0
DA:26,0
DA:27,0
DA:29,0
DA:30,0
DA:35,0
LF:15
LH:0
BRDA:7,0,0,0
BRDA:7,0,1,0
BRDA:9,1,0,0
BRDA:9,1,1,0
BRDA:17,2,0,0
BRDA:17,2,1,0
BRF:6
BRH:0
end_of_record
TN:
SF:src/middlewares/validation.js
FN:4,(anonymous_0)
FNF:1
FNH:0
FNDA:0,(anonymous_0)
DA:1,0
DA:4,0
DA:5,0
DA:6,0
DA:7,0
DA:12,0
DA:16,0
DA:28,0
DA:34,0
LF:9
LH:0
BRDA:6,0,0,0
BRDA:6,0,1,0
BRF:2
BRH:0
end_of_record
TN:
SF:src/models/AuditLog.js
FN:5,(anonymous_0)
FNF:1
FNH:1
FNDA:2,(anonymous_0)
DA:1,2
DA:5,2
DA:6,2
DA:61,2
LF:4
LH:4
BRF:0
BRH:0
end_of_record
TN:
SF:src/models/CompteurConges.js
FN:3,(anonymous_0)
FN:60,(anonymous_1)
FN:93,(anonymous_2)
FNF:3
FNH:1
FNDA:2,(anonymous_0)
FNDA:0,(anonymous_1)
FNDA:0,(anonymous_2)
DA:1,2
DA:3,2
DA:5,2
DA:61,0
DA:62,0
DA:63,0
DA:64,0
DA:66,0
DA:93,2
DA:94,0
DA:97,2
LF:11
LH:5
BRDA:61,0,0,0
BRDA:61,0,1,0
BRDA:62,1,0,0
BRDA:62,1,1,0
BRDA:63,2,0,0
BRDA:63,2,1,0
BRDA:64,3,0,0
BRDA:64,3,1,0
BRF:8
BRH:0
end_of_record
TN:
SF:src/models/Conge.js
FN:3,(anonymous_0)
FN:53,(anonymous_1)
FN:58,(anonymous_2)
FNF:3
FNH:1
FNDA:2,(anonymous_0)
FNDA:0,(anonymous_1)
FNDA:0,(anonymous_2)
DA:1,2
DA:3,2
DA:4,2
DA:54,0
DA:55,0
DA:59,0
DA:64,0
LF:7
LH:3
BRDA:54,0,0,0
BRDA:54,0,1,0
BRDA:59,1,0,0
BRDA:59,1,1,0
BRDA:60,2,0,0
BRDA:60,2,1,0
BRDA:60,2,2,0
BRF:7
BRH:0
end_of_record
TN:
SF:src/models/CongeType.js
FN:3,(anonymous_0)
FN:57,(anonymous_1)
FNF:2
FNH:1
FNDA:2,(anonymous_0)
FNDA:0,(anonymous_1)
DA:1,2
DA:3,2
DA:4,2
DA:58,0
DA:59,0
LF:5
LH:3
BRDA:58,0,0,0
BRDA:58,0,1,0
BRDA:58,1,0,0
BRDA:58,1,1,0
BRF:4
BRH:0
end_of_record
TN:
SF:src/models/Entreprise.js
FN:4,(anonymous_0)
FN:47,(anonymous_1)
FN:58,(anonymous_2)
FN:63,(anonymous_3)
FN:79,(anonymous_4)
FNF:5
FNH:1
FNDA:2,(anonymous_0)
FNDA:0,(anonymous_1)
FNDA:0,(anonymous_2)
FNDA:0,(anonymous_3)
FNDA:0,(anonymous_4)
DA:1,2
DA:2,2
DA:4,2
DA:6,2
DA:47,2
DA:48,0
DA:58,2
DA:60,0
DA:62,0
DA:63,0
DA:64,0
DA:67,0
DA:79,2
DA:80,0
DA:90,2
LF:15
LH:8
BRDA:50,0,0,0
BRDA:50,0,1,0
BRDA:60,1,0,0
BRDA:60,1,1,0
BRDA:69,2,0,0
BRDA:69,2,1,0
BRDA:82,3,0,0
BRDA:82,3,1,0
BRF:8
BRH:0
end_of_record
TN:
SF:src/models/JoursFeries.js
FN:3,(anonymous_0)
FNF:1
FNH:1
FNDA:2,(anonymous_0)
DA:1,2
DA:3,2
DA:4,2
LF:3
LH:3
BRF:0
BRH:0
end_of_record
TN:
SF:src/models/Notification.js
FN:3,(anonymous_0)
FNF:1
FNH:1
FNDA:2,(anonymous_0)
DA:1,2
DA:3,2
DA:4,2
LF:3
LH:3
BRF:0
BRH:0
end_of_record
TN:
SF:src/models/Utilisateur.js
FN:3,(anonymous_0)
FNF:1
FNH:1
FNDA:2,(anonymous_0)
DA:1,2
DA:3,2
DA:4,2
LF:3
LH:3
BRF:0
BRH:0
end_of_record
TN:
SF:src/models/index.js
FNF:0
FNH:0
DA:2,2
DA:3,2
DA:5,2
DA:13,2
DA:14,2
DA:15,2
DA:16,2
DA:17,2
DA:18,2
DA:19,2
DA:20,2
DA:29,2
DA:30,2
DA:31,2
DA:32,2
DA:33,2
DA:34,2
DA:35,2
DA:40,2
DA:41,2
DA:42,2
DA:43,2
DA:44,2
DA:49,2
DA:50,2
DA:51,2
DA:56,2
DA:57,2
DA:58,2
DA:63,2
DA:64,2
DA:65,2
DA:70,2
DA:75,2
DA:76,2
DA:81,2
DA:82,2
DA:87,2
LF:38
LH:38
BRF:0
BRH:0
end_of_record
TN:
SF:src/routes/auth.js
FNF:0
FNH:0
DA:1,0
DA:2,0
DA:3,0
DA:4,0
DA:5,0
DA:10,0
DA:22,0
DA:23,0
DA:24,0
DA:25,0
DA:26,0
DA:28,0
LF:12
LH:0
BRF:0
BRH:0
end_of_record
TN:
SF:src/routes/calendrier.js
FNF:0
FNH:0
DA:1,0
DA:2,0
DA:3,0
DA:4,0
DA:6,0
DA:8,0
LF:6
LH:0
BRF:0
BRH:0
end_of_record
TN:
SF:src/routes/conge.js
FNF:0
FNH:0
DA:1,0
DA:2,0
DA:3,0
DA:4,0
DA:5,0
DA:6,0
DA:8,0
DA:9,0
DA:10,0
DA:11,0
DA:12,0
DA:13,0
DA:14,0
DA:16,0
LF:14
LH:0
BRF:0
BRH:0
end_of_record
TN:
SF:src/routes/congeTypes.js
FN:17,(anonymous_0)
FN:45,(anonymous_1)
FN:68,(anonymous_2)
FN:96,(anonymous_3)
FN:122,(anonymous_4)
FNF:5
FNH:0
FNDA:0,(anonymous_0)
FNDA:0,(anonymous_1)
FNDA:0,(anonymous_2)
FNDA:0,(anonymous_3)
FNDA:0,(anonymous_4)
DA:1,0
DA:2,0
DA:4,0
DA:5,0
DA:7,0
DA:13,0
DA:18,0
DA:20,0
DA:31,0
DA:33,0
DA:42,0
DA:46,0
DA:48,0
DA:54,0
DA:56,0
DA:65,0
DA:69,0
DA:71,0
DA:78,0
DA:79,0
DA:82,0
DA:84,0
DA:92,0
DA:97,0
DA:99,0
DA:106,0
DA:107,0
DA:110,0
DA:112,0
DA:114,0
DA:118,0
DA:123,0
DA:125,0
DA:132,0
DA:133,0
DA:136,0
DA:138,0
DA:140,0
DA:145,0
LF:39
LH:0
BRDA:78,0,0,0
BRDA:78,0,1,0
BRDA:106,1,0,0
BRDA:106,1,1,0
BRDA:132,2,0,0
BRDA:132,2,1,0
BRF:6
BRH:0
end_of_record
TN:
SF:src/routes/entreprises.js
FN:18,(anonymous_0)
FN:30,(anonymous_1)
FN:33,(anonymous_2)
FNF:3
FNH:0
FNDA:0,(anonymous_0)
FNDA:0,(anonymous_1)
FNDA:0,(anonymous_2)
DA:1,0
DA:2,0
DA:3,0
DA:4,0
DA:5,0
DA:6,0
DA:12,0
DA:15,0
DA:18,0
DA:21,0
DA:24,0
DA:27,0
DA:30,0
DA:33,0
DA:38,0
LF:15
LH:0
BRF:0
BRH:0
end_of_record
TN:
SF:src/routes/exports.js
FNF:0
FNH:0
DA:1,0
DA:2,0
DA:3,0
DA:4,0
DA:5,0
DA:8,0
DA:9,0
DA:10,0
DA:11,0
DA:12,0
DA:14,0
LF:11
LH:0
BRF:0
BRH:0
end_of_record
TN:
SF:src/routes/index.js
FN:27,(anonymous_0)
FN:64,(anonymous_1)
FNF:2
FNH:0
FNDA:0,(anonymous_0)
FNDA:0,(anonymous_1)
DA:1,0
DA:2,0
DA:4,0
DA:5,0
DA:6,0
DA:7,0
DA:8,0
DA:9,0
DA:10,0
DA:12,0
DA:13,0
DA:14,0
DA:15,0
DA:16,0
DA:19,0
DA:22,0
DA:27,0
DA:28,0
DA:29,0
DA:30,0
DA:32,0
DA:39,0
DA:44,0
DA:49,0
DA:54,0
DA:59,0
DA:64,0
DA:65,0
DA:71,0
DA:76,0
DA:77,0
DA:82,0
DA:83,0
DA:88,0
DA:93,0
DA:98,0
DA:99,0
DA:101,0
LF:38
LH:0
BRF:0
BRH:0
end_of_record
TN:
SF:src/routes/joursFeries.js
FNF:0
FNH:0
DA:2,0
DA:3,0
DA:4,0
DA:5,0
DA:6,0
DA:11,0
DA:14,0
DA:17,0
DA:20,0
DA:23,0
DA:25,0
LF:11
LH:0
BRF:0
BRH:0
end_of_record
TN:
SF:src/routes/notification.js
FNF:0
FNH:0
DA:2,0
DA:3,0
DA:5,0
DA:6,0
DA:8,0
DA:13,0
DA:18,0
DA:23,0
DA:25,0
LF:9
LH:0
BRF:0
BRH:0
end_of_record
TN:
SF:src/routes/quotas.js
FNF:0
FNH:0
DA:1,0
DA:2,0
DA:3,0
DA:4,0
DA:5,0
DA:7,0
DA:8,0
DA:9,0
DA:10,0
DA:12,0
LF:10
LH:0
BRF:0
BRH:0
end_of_record
TN:
SF:src/routes/users.js
FNF:0
FNH:0
DA:1,0
DA:2,0
DA:3,0
DA:4,0
DA:5,0
DA:10,0
DA:18,0
DA:26,0
DA:34,0
DA:42,0
DA:50,0
DA:57,0
LF:12
LH:0
BRF:0
BRH:0
end_of_record
TN:
SF:src/services/auditActions.js
FNF:0
FNH:0
DA:1,1
LF:1
LH:1
BRF:0
BRH:0
end_of_record
TN:
SF:src/services/auditHelper.js
FN:8,logAudit
FN:28,auditEntity
FN:50,(anonymous_2)
FN:52,(anonymous_3)
FN:54,(anonymous_4)
FN:59,(anonymous_5)
FN:61,(anonymous_6)
FN:63,(anonymous_7)
FN:65,(anonymous_8)
FN:70,(anonymous_9)
FN:72,(anonymous_10)
FN:74,(anonymous_11)
FN:76,(anonymous_12)
FN:78,(anonymous_13)
FN:83,(anonymous_14)
FN:85,(anonymous_15)
FN:87,(anonymous_16)
FN:92,(anonymous_17)
FN:94,(anonymous_18)
FN:96,(anonymous_19)
FN:98,(anonymous_20)
FN:100,(anonymous_21)
FN:102,(anonymous_22)
FNF:23
FNH:0
FNDA:0,logAudit
FNDA:0,auditEntity
FNDA:0,(anonymous_2)
FNDA:0,(anonymous_3)
FNDA:0,(anonymous_4)
FNDA:0,(anonymous_5)
FNDA:0,(anonymous_6)
FNDA:0,(anonymous_7)
FNDA:0,(anonymous_8)
FNDA:0,(anonymous_9)
FNDA:0,(anonymous_10)
FNDA:0,(anonymous_11)
FNDA:0,(anonymous_12)
FNDA:0,(anonymous_13)
FNDA:0,(anonymous_14)
FNDA:0,(anonymous_15)
FNDA:0,(anonymous_16)
FNDA:0,(anonymous_17)
FNDA:0,(anonymous_18)
FNDA:0,(anonymous_19)
FNDA:0,(anonymous_20)
FNDA:0,(anonymous_21)
FNDA:0,(anonymous_22)
DA:2,1
DA:3,1
DA:9,0
DA:10,0
DA:21,0
DA:29,0
DA:30,0
DA:41,0
DA:49,1
DA:51,0
DA:53,0
DA:55,0
DA:58,1
DA:60,0
DA:62,0
DA:64,0
DA:66,0
DA:69,1
DA:71,0
DA:73,0
DA:75,0
DA:77,0
DA:79,0
DA:82,1
DA:84,0
DA:86,0
DA:88,0
DA:91,1
DA:93,0
DA:95,0
DA:97,0
DA:99,0
DA:101,0
DA:103,0
DA:106,1
LF:35
LH:8
BRDA:28,0,0,0
BRDA:33,1,0,0
BRDA:33,1,1,0
BRDA:34,2,0,0
BRDA:34,2,1,0
BRDA:35,3,0,0
BRDA:35,3,1,0
BRDA:36,4,0,0
BRDA:36,4,1,0
BRDA:37,5,0,0
BRDA:37,5,1,0
BRDA:38,6,0,0
BRDA:38,6,1,0
BRF:13
BRH:0
end_of_record
TN:
SF:src/services/auditLogger.js
FN:3,logAction
FNF:1
FNH:0
FNDA:0,logAction
DA:1,2
DA:4,0
DA:5,0
DA:16,0
DA:20,2
LF:5
LH:2
BRF:0
BRH:0
end_of_record
TN:
SF:src/services/authService.js
FN:9,loginUtilisateur
FN:47,logoutUtilisateur
FN:54,forgotPassword
FN:71,resetPassword
FN:92,changePassword
FNF:5
FNH:0
FNDA:0,loginUtilisateur
FNDA:0,logoutUtilisateur
FNDA:0,forgotPassword
FNDA:0,resetPassword
FNDA:0,changePassword
DA:1,0
DA:2,0
DA:3,0
DA:4,0
DA:10,0
DA:11,0
DA:12,0
DA:14,0
DA:15,0
DA:16,0
DA:19,0
DA:20,0
DA:22,0
DA:23,0
DA:25,0
DA:26,0
DA:30,0
DA:48,0
DA:55,0
DA:56,0
DA:59,0
DA:62,0
DA:65,0
DA:73,0
DA:74,0
DA:76,0
DA:79,0
DA:80,0
DA:82,0
DA:83,0
DA:84,0
DA:86,0
DA:93,0
DA:94,0
DA:95,0
DA:97,0
DA:98,0
DA:100,0
DA:101,0
DA:102,0
DA:104,0
DA:106,0
DA:107,0
DA:111,0
LF:44
LH:0
BRDA:10,0,0,0
BRDA:10,0,1,0
BRDA:12,1,0,0
BRDA:12,1,1,0
BRDA:15,2,0,0
BRDA:15,2,1,0
BRDA:15,3,0,0
BRDA:15,3,1,0
BRDA:19,4,0,0
BRDA:19,4,1,0
BRDA:20,5,0,0
BRDA:20,5,1,0
BRDA:23,6,0,0
BRDA:23,6,1,0
BRDA:27,7,0,0
BRDA:27,7,1,0
BRDA:56,8,0,0
BRDA:56,8,1,0
BRDA:80,9,0,0
BRDA:80,9,1,0
BRDA:95,10,0,0
BRDA:95,10,1,0
BRDA:98,11,0,0
BRDA:98,11,1,0
BRF:24
BRH:0
end_of_record
TN:
SF:src/services/backupService.js
FN:8,(anonymous_0)
FN:14,(anonymous_1)
FN:56,(anonymous_2)
FN:69,(anonymous_3)
FN:101,(anonymous_4)
FN:105,(anonymous_5)
FN:106,(anonymous_6)
FN:115,(anonymous_7)
FN:125,(anonymous_8)
FN:131,(anonymous_9)
FN:145,(anonymous_10)
FN:147,(anonymous_11)
FN:158,(anonymous_12)
FNF:13
FNH:0
FNDA:0,(anonymous_0)
FNDA:0,(anonymous_1)
FNDA:0,(anonymous_2)
FNDA:0,(anonymous_3)
FNDA:0,(anonymous_4)
FNDA:0,(anonymous_5)
FNDA:0,(anonymous_6)
FNDA:0,(anonymous_7)
FNDA:0,(anonymous_8)
FNDA:0,(anonymous_9)
FNDA:0,(anonymous_10)
FNDA:0,(anonymous_11)
FNDA:0,(anonymous_12)
DA:1,0
DA:2,0
DA:3,0
DA:4,0
DA:5,0
DA:9,0
DA:10,0
DA:15,0
DA:16,0
DA:17,0
DA:18,0
DA:21,0
DA:24,0
DA:32,0
DA:35,0
DA:39,0
DA:42,0
DA:45,0
DA:47,0
DA:50,0
DA:51,0
DA:57,0
DA:58,0
DA:59,0
DA:60,0
DA:61,0
DA:63,0
DA:64,0
DA:70,0
DA:71,0
DA:74,0
DA:76,0
DA:85,0
DA:87,0
DA:91,0
DA:92,0
DA:95,0
DA:96,0
DA:102,0
DA:103,0
DA:104,0
DA:105,0
DA:107,0
DA:108,0
DA:115,0
DA:117,0
DA:119,0
DA:120,0
DA:126,0
DA:127,0
DA:128,0
DA:129,0
DA:131,0
DA:133,0
DA:134,0
DA:135,0
DA:136,0
DA:140,0
DA:147,0
DA:148,0
DA:149,0
DA:150,0
DA:152,0
DA:153,0
DA:156,0
DA:158,0
DA:159,0
DA:160,0
DA:162,0
DA:165,0
DA:169,0
DA:170,0
DA:174,0
LF:73
LH:0
BRDA:25,0,0,0
BRDA:25,0,1,0
BRDA:26,1,0,0
BRDA:26,1,1,0
BRDA:77,2,0,0
BRDA:77,2,1,0
BRDA:78,3,0,0
BRDA:78,3,1,0
BRDA:105,4,0,0
BRDA:105,4,1,0
BRDA:105,4,2,0
BRDA:152,5,0,0
BRDA:152,5,1,0
BRF:13
BRH:0
end_of_record
TN:
SF:src/services/congesService.js
FN:14,calcJoursConges
FN:43,createConge
FN:44,(anonymous_2)
FN:160,validerConge
FN:161,(anonymous_4)
FN:235,rejeterConge
FN:236,(anonymous_6)
FN:300,getConges
FN:308,getCongeById
FN:319,updateConge
FN:337,deleteConge
FNF:11
FNH:0
FNDA:0,calcJoursConges
FNDA:0,createConge
FNDA:0,(anonymous_2)
FNDA:0,validerConge
FNDA:0,(anonymous_4)
FNDA:0,rejeterConge
FNDA:0,(anonymous_6)
FNDA:0,getConges
FNDA:0,getCongeById
FNDA:0,updateConge
FNDA:0,deleteConge
DA:1,1
DA:2,1
DA:3,1
DA:4,1
DA:5,1
DA:6,1
DA:7,1
DA:9,1
DA:15,0
DA:16,0
DA:17,0
DA:20,0
DA:22,0
DA:23,0
DA:24,0
DA:27,0
DA:28,0
DA:30,0
DA:33,0
DA:34,0
DA:35,0
DA:37,0
DA:44,0
DA:45,0
DA:46,0
DA:48,0
DA:49,0
DA:52,0
DA:61,0
DA:63,0
DA:66,0
DA:71,0
DA:72,0
DA:83,0
DA:84,0
DA:87,0
DA:88,0
DA:90,0
DA:104,0
DA:107,0
DA:111,0
DA:112,0
DA:117,0
DA:126,0
DA:127,0
DA:137,0
DA:142,0
DA:151,0
DA:153,0
DA:161,0
DA:162,0
DA:163,0
DA:165,0
DA:167,0
DA:168,0
DA:169,0
DA:170,0
DA:173,0
DA:176,0
DA:177,0
DA:182,0
DA:192,0
DA:193,0
DA:194,0
DA:195,0
DA:196,0
DA:199,0
DA:208,0
DA:209,0
DA:210,0
DA:213,0
DA:214,0
DA:223,0
DA:225,0
DA:228,0
DA:236,0
DA:237,0
DA:241,0
DA:243,0
DA:244,0
DA:246,0
DA:247,0
DA:248,0
DA:249,0
DA:250,0
DA:251,0
DA:252,0
DA:253,0
DA:255,0
DA:258,0
DA:261,0
DA:271,0
DA:272,0
DA:273,0
DA:275,0
DA:277,0
DA:281,0
DA:282,0
DA:291,0
DA:293,0
DA:301,0
DA:302,0
DA:303,0
DA:305,0
DA:309,0
DA:310,0
DA:311,0
DA:312,0
DA:313,0
DA:320,0
DA:321,0
DA:322,0
DA:326,0
DA:327,0
DA:328,0
DA:330,0
DA:333,0
DA:334,0
DA:338,0
DA:339,0
DA:340,0
DA:342,0
DA:345,0
DA:346,0
DA:348,0
DA:351,1
LF:126
LH:9
BRDA:27,0,0,0
BRDA:27,0,1,0
BRDA:27,1,0,0
BRDA:27,1,1,0
BRDA:27,1,2,0
BRDA:33,2,0,0
BRDA:33,2,1,0
BRDA:34,3,0,0
BRDA:34,3,1,0
BRDA:35,4,0,0
BRDA:35,4,1,0
BRDA:46,5,0,0
BRDA:46,5,1,0
BRDA:49,6,0,0
BRDA:49,6,1,0
BRDA:61,7,0,0
BRDA:61,7,1,0
BRDA:71,8,0,0
BRDA:71,8,1,0
BRDA:77,9,0,0
BRDA:77,9,1,0
BRDA:83,10,0,0
BRDA:83,10,1,0
BRDA:111,11,0,0
BRDA:111,11,1,0
BRDA:115,12,0,0
BRDA:115,12,1,0
BRDA:126,13,0,0
BRDA:126,13,1,0
BRDA:160,14,0,0
BRDA:163,15,0,0
BRDA:163,15,1,0
BRDA:167,16,0,0
BRDA:167,16,1,0
BRDA:176,17,0,0
BRDA:176,17,1,0
BRDA:180,18,0,0
BRDA:180,18,1,0
BRDA:180,19,0,0
BRDA:180,19,1,0
BRDA:193,20,0,0
BRDA:193,20,1,0
BRDA:235,21,0,0
BRDA:241,22,0,0
BRDA:241,22,1,0
BRDA:246,23,0,0
BRDA:246,23,1,0
BRDA:247,24,0,0
BRDA:247,24,1,0
BRDA:250,25,0,0
BRDA:250,25,1,0
BRDA:251,26,0,0
BRDA:251,26,1,0
BRDA:251,27,0,0
BRDA:251,27,1,0
BRDA:271,28,0,0
BRDA:271,28,1,0
BRDA:272,29,0,0
BRDA:272,29,1,0
BRDA:302,30,0,0
BRDA:302,30,1,0
BRDA:303,31,0,0
BRDA:303,31,1,0
BRDA:303,32,0,0
BRDA:303,32,1,0
BRDA:310,33,0,0
BRDA:310,33,1,0
BRDA:311,34,0,0
BRDA:311,34,1,0
BRDA:311,35,0,0
BRDA:311,35,1,0
BRDA:311,35,2,0
BRDA:321,36,0,0
BRDA:321,36,1,0
BRDA:322,37,0,0
BRDA:322,37,1,0
BRDA:326,38,0,0
BRDA:326,38,1,0
BRDA:327,39,0,0
BRDA:327,39,1,0
BRDA:339,40,0,0
BRDA:339,40,1,0
BRDA:340,41,0,0
BRDA:340,41,1,0
BRF:84
BRH:0
end_of_record
TN:
SF:src/services/emailService.js
FN:7,(anonymous_0)
FN:20,(anonymous_1)
FN:54,(anonymous_2)
FN:55,(anonymous_3)
FN:66,(anonymous_4)
FN:73,(anonymous_5)
FN:99,(anonymous_6)
FN:107,(anonymous_7)
FN:124,(anonymous_8)
FN:142,(anonymous_9)
FN:154,(anonymous_10)
FN:163,(anonymous_11)
FN:180,(anonymous_12)
FN:202,(anonymous_13)
FN:220,(anonymous_14)
FN:234,(anonymous_15)
FN:269,(anonymous_16)
FNF:17
FNH:0
FNDA:0,(anonymous_0)
FNDA:0,(anonymous_1)
FNDA:0,(anonymous_2)
FNDA:0,(anonymous_3)
FNDA:0,(anonymous_4)
FNDA:0,(anonymous_5)
FNDA:0,(anonymous_6)
FNDA:0,(anonymous_7)
FNDA:0,(anonymous_8)
FNDA:0,(anonymous_9)
FNDA:0,(anonymous_10)
FNDA:0,(anonymous_11)
FNDA:0,(anonymous_12)
FNDA:0,(anonymous_13)
FNDA:0,(anonymous_14)
FNDA:0,(anonymous_15)
FNDA:0,(anonymous_16)
DA:1,0
DA:2,0
DA:3,0
DA:4,0
DA:8,0
DA:21,0
DA:23,0
DA:24,0
DA:25,0
DA:27,0
DA:30,0
DA:32,0
DA:40,0
DA:41,0
DA:42,0
DA:45,0
DA:46,0
DA:47,0
DA:49,0
DA:50,0
DA:55,0
DA:56,0
DA:57,0
DA:60,0
DA:66,0
DA:67,0
DA:70,0
DA:74,0
DA:100,0
DA:108,0
DA:125,0
DA:126,0
DA:128,0
DA:143,0
DA:155,0
DA:164,0
DA:181,0
DA:185,0
DA:203,0
DA:221,0
DA:235,0
DA:237,0
DA:238,0
DA:239,0
DA:241,0
DA:242,0
DA:243,0
DA:247,0
DA:249,0
DA:264,0
DA:265,0
DA:270,0
DA:276,0
DA:282,0
DA:298,0
LF:55
LH:0
BRDA:20,0,0,0
BRDA:40,1,0,0
BRDA:40,1,1,0
BRDA:57,2,0,0
BRDA:57,2,1,0
BRDA:62,3,0,0
BRDA:62,3,1,0
BRDA:63,4,0,0
BRDA:63,4,1,0
BRDA:126,5,0,0
BRDA:126,5,1,0
BRDA:172,6,0,0
BRDA:172,6,1,0
BRDA:173,7,0,0
BRDA:173,7,1,0
BRDA:181,8,0,0
BRDA:181,8,1,0
BRDA:194,9,0,0
BRDA:194,9,1,0
BRDA:194,9,2,0
BRDA:212,10,0,0
BRDA:212,10,1,0
BRDA:212,10,2,0
BRDA:234,11,0,0
BRDA:237,12,0,0
BRDA:237,12,1,0
BRDA:239,13,0,0
BRDA:239,13,1,0
BRDA:243,14,0,0
BRDA:243,14,1,0
BRDA:247,15,0,0
BRDA:247,15,1,0
BRF:32
BRH:0
end_of_record
TN:
SF:src/services/exportService.js
FN:10,(anonymous_0)
FN:42,(anonymous_1)
FN:73,(anonymous_2)
FN:81,(anonymous_3)
FN:103,(anonymous_4)
FN:128,(anonymous_5)
FN:148,(anonymous_6)
FN:149,(anonymous_7)
FN:184,(anonymous_8)
FN:198,(anonymous_9)
FN:199,(anonymous_10)
FN:200,(anonymous_11)
FN:216,(anonymous_12)
FN:240,(anonymous_13)
FN:241,(anonymous_14)
FN:251,(anonymous_15)
FN:298,(anonymous_16)
FN:303,(anonymous_17)
FNF:18
FNH:0
FNDA:0,(anonymous_0)
FNDA:0,(anonymous_1)
FNDA:0,(anonymous_2)
FNDA:0,(anonymous_3)
FNDA:0,(anonymous_4)
FNDA:0,(anonymous_5)
FNDA:0,(anonymous_6)
FNDA:0,(anonymous_7)
FNDA:0,(anonymous_8)
FNDA:0,(anonymous_9)
FNDA:0,(anonymous_10)
FNDA:0,(anonymous_11)
FNDA:0,(anonymous_12)
FNDA:0,(anonymous_13)
FNDA:0,(anonymous_14)
FNDA:0,(anonymous_15)
FNDA:0,(anonymous_16)
FNDA:0,(anonymous_17)
DA:1,0
DA:2,0
DA:3,0
DA:4,0
DA:5,0
DA:6,0
DA:11,0
DA:12,0
DA:15,0
DA:16,0
DA:17,0
DA:21,0
DA:23,0
DA:42,0
DA:58,0
DA:64,0
DA:65,0
DA:67,0
DA:68,0
DA:74,0
DA:75,0
DA:81,0
DA:92,0
DA:94,0
DA:95,0
DA:97,0
DA:98,0
DA:104,0
DA:105,0
DA:107,0
DA:108,0
DA:112,0
DA:113,0
DA:115,0
DA:128,0
DA:137,0
DA:139,0
DA:140,0
DA:142,0
DA:143,0
DA:149,0
DA:150,0
DA:151,0
DA:152,0
DA:155,0
DA:156,0
DA:157,0
DA:162,0
DA:180,0
DA:181,0
DA:183,0
DA:184,0
DA:185,0
DA:186,0
DA:190,0
DA:191,0
DA:192,0
DA:193,0
DA:196,0
DA:198,0
DA:199,0
DA:200,0
DA:203,0
DA:204,0
DA:205,0
DA:206,0
DA:207,0
DA:208,0
DA:209,0
DA:210,0
DA:213,0
DA:214,0
DA:216,0
DA:217,0
DA:219,0
DA:220,0
DA:221,0
DA:222,0
DA:223,0
DA:224,0
DA:225,0
DA:226,0
DA:227,0
DA:229,0
DA:232,0
DA:234,0
DA:241,0
DA:242,0
DA:243,0
DA:244,0
DA:245,0
DA:247,0
DA:248,0
DA:250,0
DA:251,0
DA:252,0
DA:253,0
DA:257,0
DA:258,0
DA:259,0
DA:260,0
DA:263,0
DA:264,0
DA:265,0
DA:266,0
DA:267,0
DA:268,0
DA:269,0
DA:272,0
DA:273,0
DA:274,0
DA:275,0
DA:276,0
DA:277,0
DA:278,0
DA:281,0
DA:282,0
DA:284,0
DA:285,0
DA:286,0
DA:287,0
DA:288,0
DA:290,0
DA:292,0
DA:299,0
DA:304,0
DA:308,0
LF:127
LH:0
BRDA:10,0,0,0
BRDA:15,1,0,0
BRDA:15,1,1,0
BRDA:15,2,0,0
BRDA:15,2,1,0
BRDA:16,3,0,0
BRDA:16,3,1,0
BRDA:16,4,0,0
BRDA:16,4,1,0
BRDA:21,5,0,0
BRDA:21,5,1,0
BRDA:21,6,0,0
BRDA:21,6,1,0
BRDA:44,7,0,0
BRDA:44,7,1,0
BRDA:44,8,0,0
BRDA:44,8,1,0
BRDA:44,9,0,0
BRDA:44,9,1,0
BRDA:45,10,0,0
BRDA:45,10,1,0
BRDA:46,11,0,0
BRDA:46,11,1,0
BRDA:51,12,0,0
BRDA:51,12,1,0
BRDA:52,13,0,0
BRDA:52,13,1,0
BRDA:53,14,0,0
BRDA:53,14,1,0
BRDA:87,15,0,0
BRDA:87,15,1,0
BRDA:89,16,0,0
BRDA:89,16,1,0
BRDA:103,17,0,0
BRDA:107,18,0,0
BRDA:107,18,1,0
BRDA:107,19,0,0
BRDA:107,19,1,0
BRDA:112,20,0,0
BRDA:112,20,1,0
BRDA:113,21,0,0
BRDA:113,21,1,0
BRDA:130,22,0,0
BRDA:130,22,1,0
BRDA:148,23,0,0
BRDA:155,24,0,0
BRDA:155,24,1,0
BRDA:156,25,0,0
BRDA:156,25,1,0
BRDA:156,26,0,0
BRDA:156,26,1,0
BRDA:217,27,0,0
BRDA:217,27,1,0
BRDA:226,28,0,0
BRDA:226,28,1,0
BRDA:275,29,0,0
BRDA:275,29,1,0
BRDA:276,30,0,0
BRDA:276,30,1,0
BRDA:277,31,0,0
BRDA:277,31,1,0
BRDA:281,32,0,0
BRDA:281,32,1,0
BRDA:282,33,0,0
BRDA:282,33,1,0
BRF:65
BRH:0
end_of_record
TN:
SF:src/services/joursFeriesService.js
FN:6,getJoursFeriesEntreprise
FN:15,estJourFerie
FN:18,(anonymous_2)
FNF:3
FNH:0
FNDA:0,getJoursFeriesEntreprise
FNDA:0,estJourFerie
FNDA:0,(anonymous_2)
DA:1,1
DA:7,0
DA:16,0
DA:18,0
DA:19,0
DA:20,0
DA:21,0
DA:24,0
DA:25,0
DA:29,1
LF:10
LH:2
BRDA:20,0,0,0
BRDA:20,0,1,0
BRDA:21,1,0,0
BRDA:21,1,1,0
BRF:4
BRH:0
end_of_record
TN:
SF:src/services/monitoringService.js
FN:14,(anonymous_0)
FN:53,(anonymous_1)
FN:79,(anonymous_2)
FN:90,(anonymous_3)
FN:101,(anonymous_4)
FNF:5
FNH:0
FNDA:0,(anonymous_0)
FNDA:0,(anonymous_1)
FNDA:0,(anonymous_2)
FNDA:0,(anonymous_3)
FNDA:0,(anonymous_4)
DA:1,0
DA:2,0
DA:6,0
DA:15,0
DA:18,0
DA:19,0
DA:27,0
DA:28,0
DA:36,0
DA:37,0
DA:45,0
DA:46,0
DA:49,0
DA:54,0
DA:56,0
DA:58,0
DA:59,0
DA:63,0
DA:74,0
DA:80,0
DA:81,0
DA:92,0
DA:103,0
DA:107,0
LF:24
LH:0
BRDA:18,0,0,0
BRDA:18,0,1,0
BRDA:27,1,0,0
BRDA:27,1,1,0
BRDA:36,2,0,0
BRDA:36,2,1,0
BRDA:101,3,0,0
BRF:7
BRH:0
end_of_record
TN:
SF:src/services/notificationService.js
FN:20,sendEmail
FN:36,creerNotification
FN:55,notifyUser
FN:98,getNotificationsUtilisateur
FN:108,marquerCommeLue
FNF:5
FNH:0
FNDA:0,sendEmail
FNDA:0,creerNotification
FNDA:0,notifyUser
FNDA:0,getNotificationsUtilisateur
FNDA:0,marquerCommeLue
DA:1,1
DA:2,1
DA:7,1
DA:21,0
DA:22,0
DA:25,0
DA:43,0
DA:64,0
DA:66,0
DA:67,0
DA:71,0
DA:80,0
DA:81,0
DA:82,0
DA:88,0
DA:92,0
DA:99,0
DA:110,0
DA:112,0
DA:113,0
DA:116,0
DA:117,0
DA:119,0
DA:122,1
LF:24
LH:4
BRDA:21,0,0,0
BRDA:21,0,1,0
BRDA:41,1,0,0
BRDA:66,2,0,0
BRDA:66,2,1,0
BRDA:80,3,0,0
BRDA:80,3,1,0
BRDA:84,4,0,0
BRDA:84,4,1,0
BRDA:85,5,0,0
BRDA:85,5,1,0
BRDA:112,6,0,0
BRDA:112,6,1,0
BRF:13
BRH:0
end_of_record
TN:
SF:src/services/notificationSocketService.js
FN:6,(anonymous_0)
FN:11,(anonymous_1)
FN:19,(anonymous_2)
FN:44,(anonymous_3)
FN:51,(anonymous_4)
FN:56,(anonymous_5)
FN:61,(anonymous_6)
FN:71,(anonymous_7)
FN:81,(anonymous_8)
FN:86,(anonymous_9)
FN:91,(anonymous_10)
FN:96,(anonymous_11)
FN:101,(anonymous_12)
FNF:13
FNH:0
FNDA:0,(anonymous_0)
FNDA:0,(anonymous_1)
FNDA:0,(anonymous_2)
FNDA:0,(anonymous_3)
FNDA:0,(anonymous_4)
FNDA:0,(anonymous_5)
FNDA:0,(anonymous_6)
FNDA:0,(anonymous_7)
FNDA:0,(anonymous_8)
FNDA:0,(anonymous_9)
FNDA:0,(anonymous_10)
FNDA:0,(anonymous_11)
FNDA:0,(anonymous_12)
DA:1,0
DA:2,0
DA:3,0
DA:7,0
DA:8,0
DA:12,0
DA:19,0
DA:20,0
DA:21,0
DA:22,0
DA:23,0
DA:24,0
DA:27,0
DA:28,0
DA:30,0
DA:31,0
DA:32,0
DA:35,0
DA:36,0
DA:37,0
DA:39,0
DA:40,0
DA:44,0
DA:45,0
DA:48,0
DA:51,0
DA:52,0
DA:53,0
DA:56,0
DA:57,0
DA:58,0
DA:61,0
DA:62,0
DA:63,0
DA:67,0
DA:72,0
DA:73,0
DA:74,0
DA:75,0
DA:77,0
DA:82,0
DA:87,0
DA:92,0
DA:97,0
DA:102,0
DA:106,0
LF:46
LH:0
BRDA:14,0,0,0
BRDA:14,0,1,0
BRDA:22,1,0,0
BRDA:22,1,1,0
BRDA:30,2,0,0
BRDA:30,2,1,0
BRDA:73,3,0,0
BRDA:73,3,1,0
BRF:8
BRH:0
end_of_record
TN:
SF:src/services/politiqueConges.js
FN:6,getPolitiqueType
FN:20,calculSoldeAvecReport
FN:32,peutPoser
FN:42,getToutesPolitiques
FNF:4
FNH:0
FNDA:0,getPolitiqueType
FNDA:0,calculSoldeAvecReport
FNDA:0,peutPoser
FNDA:0,getToutesPolitiques
DA:7,0
DA:8,0
DA:21,0
DA:22,0
DA:23,0
DA:33,0
DA:34,0
DA:35,0
DA:43,0
DA:46,0
LF:10
LH:0
BRDA:7,0,0,0
BRDA:7,0,1,0
BRDA:11,1,0,0
BRDA:11,1,1,0
BRDA:21,2,0,0
BRDA:21,2,1,0
BRDA:22,3,0,0
BRDA:22,3,1,0
BRDA:23,4,0,0
BRDA:23,4,1,0
BRDA:33,5,0,0
BRDA:33,5,1,0
BRDA:34,6,0,0
BRDA:34,6,1,0
BRDA:35,7,0,0
BRDA:35,7,1,0
BRDA:43,8,0,0
BRDA:43,8,1,0
BRF:18
BRH:0
end_of_record
TN:
SF:src/services/quotasService.js
FN:8,initQuotaAnnuel
FN:9,(anonymous_1)
FN:53,ajouterAcquisitionMensuelle
FN:66,getSoldeUtilisateur
FN:74,getSoldesUtilisateur
FN:80,(anonymous_5)
FNF:6
FNH:0
FNDA:0,initQuotaAnnuel
FNDA:0,(anonymous_1)
FNDA:0,ajouterAcquisitionMensuelle
FNDA:0,getSoldeUtilisateur
FNDA:0,getSoldesUtilisateur
FNDA:0,(anonymous_5)
DA:2,0
DA:3,0
DA:9,0
DA:10,0
DA:11,0
DA:13,0
DA:14,0
DA:15,0
DA:16,0
DA:22,0
DA:23,0
DA:24,0
DA:25,0
DA:28,0
DA:29,0
DA:30,0
DA:31,0
DA:32,0
DA:34,0
DA:54,0
DA:55,0
DA:56,0
DA:57,0
DA:58,0
DA:59,0
DA:67,0
DA:68,0
DA:75,0
DA:80,0
DA:91,0
LF:30
LH:0
BRDA:23,0,0,0
BRDA:23,0,1,0
BRDA:23,1,0,0
BRDA:23,1,1,0
BRDA:25,2,0,0
BRDA:25,2,1,0
BRDA:28,3,0,0
BRDA:28,3,1,0
BRDA:29,4,0,0
BRDA:29,4,1,0
BRDA:39,5,0,0
BRDA:39,5,1,0
BRDA:57,6,0,0
BRDA:57,6,1,0
BRDA:68,7,0,0
BRDA:68,7,1,0
BRF:16
BRH:0
end_of_record
TN:
SF:src/services/usageService.js
FN:7,(anonymous_0)
FN:29,(anonymous_1)
FN:41,(anonymous_2)
FN:52,(anonymous_3)
FN:57,(anonymous_4)
FNF:5
FNH:0
FNDA:0,(anonymous_0)
FNDA:0,(anonymous_1)
FNDA:0,(anonymous_2)
FNDA:0,(anonymous_3)
FNDA:0,(anonymous_4)
DA:1,0
DA:2,0
DA:3,0
DA:8,0
DA:9,0
DA:10,0
DA:12,0
DA:13,0
DA:14,0
DA:16,0
DA:25,0
DA:30,0
DA:37,0
DA:42,0
DA:48,0
DA:53,0
DA:58,0
DA:64,0
DA:73,0
LF:19
LH:0
BRF:0
BRH:0
end_of_record
TN:
SF:src/test/createUser.js
FN:5,(anonymous_0)
FNF:1
FNH:0
FNDA:0,(anonymous_0)
DA:1,0
DA:2,0
DA:3,0
DA:5,0
DA:6,0
DA:7,0
DA:8,0
DA:11,0
DA:12,0
DA:13,0
DA:18,0
DA:22,0
DA:31,0
DA:32,0
DA:34,0
DA:35,0
LF:16
LH:0
BRDA:12,0,0,0
BRDA:12,0,1,0
BRF:2
BRH:0
end_of_record
TN:
SF:src/test/test-mails.js
FN:5,testEmails
FNF:1
FNH:0
FNDA:0,testEmails
DA:2,0
DA:3,0
DA:6,0
DA:7,0
DA:10,0
DA:20,0
DA:25,0
DA:32,0
DA:43,0
DA:46,0
DA:49,0
DA:52,0
DA:55,0
DA:58,0
DA:61,0
DA:64,0
DA:67,0
DA:70,0
DA:83,0
DA:85,0
DA:87,0
DA:91,0
LF:22
LH:0
BRDA:13,0,0,0
BRDA:13,0,1,0
BRDA:28,1,0,0
BRDA:28,1,1,0
BRF:4
BRH:0
end_of_record
TN:
SF:src/utils/validation.js
FN:3,validateUUID
FN:7,validateDate
FN:13,validateDateRange
FN:17,validateDemiJournee
FN:21,validateConge
FNF:5
FNH:0
FNDA:0,validateUUID
FNDA:0,validateDate
FNDA:0,validateDateRange
FNDA:0,validateDemiJournee
FNDA:0,validateConge
DA:1,1
DA:4,0
DA:8,0
DA:9,0
DA:10,0
DA:14,0
DA:18,0
DA:22,0
DA:23,0
DA:24,0
DA:25,0
DA:26,0
DA:29,1
LF:13
LH:2
BRDA:8,0,0,0
BRDA:8,0,1,0
BRDA:10,1,0,0
BRDA:10,1,1,0
BRDA:14,2,0,0
BRDA:14,2,1,0
BRDA:14,2,2,0
BRDA:22,3,0,0
BRDA:22,3,1,0
BRDA:23,4,0,0
BRDA:23,4,1,0
BRDA:24,5,0,0
BRDA:24,5,1,0
BRDA:25,6,0,0
BRDA:25,6,1,0
BRDA:26,7,0,0
BRDA:26,7,1,0
BRF:17
BRH:0
end_of_record
